Detecting C compiler ABI info failed to compile with the following output:
Change Dir: C:/Users/YasperMoglot/Desktop/Ycheba/4course/4-course-os/build/CMakeFiles/CMakeTmp

Run Build Command(s):C:/Strawberry/c/bin/gmake.exe -f Makefile cmTC_dc0c7/fast && C:/Strawberry/c/bin/gmake.exe  -f CMakeFiles/cmTC_dc0c7.dir/build.make CMakeFiles/cmTC_dc0c7.dir/build
gmake.exe[1]: Entering directory 'C:/Users/YasperMoglot/Desktop/Ycheba/4course/4-course-os/build/CMakeFiles/CMakeTmp'
Building C object CMakeFiles/cmTC_dc0c7.dir/CMakeCCompilerABI.c.obj
C:/Strawberry/c/bin/gcc.exe   -v -o CMakeFiles/cmTC_dc0c7.dir/CMakeCCompilerABI.c.obj -c "C:/Program Files (x86)/Microsoft Visual Studio/2019/Community/Common7/IDE/CommonExtensions/Microsoft/CMake/CMake/share/cmake-3.20/Modules/CMakeCCompilerABI.c"
/usr/bin/sh: -c: line 0: syntax error near unexpected token `('
/usr/bin/sh: -c: line 0: `C:/Strawberry/c/bin/gcc.exe   -v -o CMakeFiles/cmTC_dc0c7.dir/CMakeCCompilerABI.c.obj -c \C:/Program Files (x86)/Microsoft Visual Studio/2019/Community/Common7/IDE/CommonExtensions/Microsoft/CMake/CMake/share/cmake-3.20/Modules/CMakeCCompilerABI.c\'
gmake.exe[1]: *** [CMakeFiles/cmTC_dc0c7.dir/build.make:78: CMakeFiles/cmTC_dc0c7.dir/CMakeCCompilerABI.c.obj] Error 258
gmake.exe[1]: Leaving directory 'C:/Users/YasperMoglot/Desktop/Ycheba/4course/4-course-os/build/CMakeFiles/CMakeTmp'
gmake.exe: *** [Makefile:127: cmTC_dc0c7/fast] Error 2




Detecting CXX compiler ABI info failed to compile with the following output:
Change Dir: C:/Users/YasperMoglot/Desktop/Ycheba/4course/4-course-os/build/CMakeFiles/CMakeTmp

Run Build Command(s):C:/Strawberry/c/bin/gmake.exe -f Makefile cmTC_1d6d7/fast && C:/Strawberry/c/bin/gmake.exe  -f CMakeFiles/cmTC_1d6d7.dir/build.make CMakeFiles/cmTC_1d6d7.dir/build
gmake.exe[1]: Entering directory 'C:/Users/YasperMoglot/Desktop/Ycheba/4course/4-course-os/build/CMakeFiles/CMakeTmp'
Building CXX object CMakeFiles/cmTC_1d6d7.dir/CMakeCXXCompilerABI.cpp.obj
C:/Strawberry/c/bin/g++.exe   -v -o CMakeFiles/cmTC_1d6d7.dir/CMakeCXXCompilerABI.cpp.obj -c "C:/Program Files (x86)/Microsoft Visual Studio/2019/Community/Common7/IDE/CommonExtensions/Microsoft/CMake/CMake/share/cmake-3.20/Modules/CMakeCXXCompilerABI.cpp"
/usr/bin/sh: -c: line 0: syntax error near unexpected token `('
/usr/bin/sh: -c: line 0: `C:/Strawberry/c/bin/g++.exe   -v -o CMakeFiles/cmTC_1d6d7.dir/CMakeCXXCompilerABI.cpp.obj -c \C:/Program Files (x86)/Microsoft Visual Studio/2019/Community/Common7/IDE/CommonExtensions/Microsoft/CMake/CMake/share/cmake-3.20/Modules/CMakeCXXCompilerABI.cpp\'
gmake.exe[1]: *** [CMakeFiles/cmTC_1d6d7.dir/build.make:78: CMakeFiles/cmTC_1d6d7.dir/CMakeCXXCompilerABI.cpp.obj] Error 258
gmake.exe[1]: Leaving directory 'C:/Users/YasperMoglot/Desktop/Ycheba/4course/4-course-os/build/CMakeFiles/CMakeTmp'
gmake.exe: *** [Makefile:127: cmTC_1d6d7/fast] Error 2




