The system is: Windows - 10.0.19042 - AMD64
Compiling the C compiler identification source file "CMakeCCompilerId.c" succeeded.
Compiler: C:/Strawberry/c/bin/gcc.exe 
Build flags: 
Id flags:  

The output was:
0


Compilation of the C compiler identification source "CMakeCCompilerId.c" produced "a.exe"

The C compiler identification is GNU, found in "C:/Users/YasperMoglot/Desktop/Ycheba/4course/4-course-os/build/CMakeFiles/3.20.21032501-MSVC_2/CompilerIdC/a.exe"

Compiling the CXX compiler identification source file "CMakeCXXCompilerId.cpp" succeeded.
Compiler: C:/Strawberry/c/bin/g++.exe 
Build flags: 
Id flags:  

The output was:
0


Compilation of the CXX compiler identification source "CMakeCXXCompilerId.cpp" produced "a.exe"

The CXX compiler identification is GNU, found in "C:/Users/YasperMoglot/Desktop/Ycheba/4course/4-course-os/build/CMakeFiles/3.20.21032501-MSVC_2/CompilerIdCXX/a.exe"

Determining if the C compiler works passed with the following output:
Change Dir: C:/Users/YasperMoglot/Desktop/Ycheba/4course/4-course-os/build/CMakeFiles/CMakeTmp

Run Build Command(s):C:/Strawberry/c/bin/gmake.exe -f Makefile cmTC_f614d/fast && C:/Strawberry/c/bin/gmake.exe  -f CMakeFiles/cmTC_f614d.dir/build.make CMakeFiles/cmTC_f614d.dir/build
gmake.exe[1]: Entering directory 'C:/Users/YasperMoglot/Desktop/Ycheba/4course/4-course-os/build/CMakeFiles/CMakeTmp'
Building C object CMakeFiles/cmTC_f614d.dir/testCCompiler.c.obj
C:/Strawberry/c/bin/gcc.exe    -o CMakeFiles/cmTC_f614d.dir/testCCompiler.c.obj -c C:/Users/YasperMoglot/Desktop/Ycheba/4course/4-course-os/build/CMakeFiles/CMakeTmp/testCCompiler.c
Linking C executable cmTC_f614d.exe
"C:/Program Files (x86)/Microsoft Visual Studio/2019/Community/Common7/IDE/CommonExtensions/Microsoft/CMake/CMake/bin/cmake.exe" -E rm -f CMakeFiles/cmTC_f614d.dir/objects.a
C:/Strawberry/c/bin/ar.exe cr CMakeFiles/cmTC_f614d.dir/objects.a @CMakeFiles/cmTC_f614d.dir/objects1.rsp
C:/Strawberry/c/bin/gcc.exe -Wl,--whole-archive CMakeFiles/cmTC_f614d.dir/objects.a -Wl,--no-whole-archive -o cmTC_f614d.exe -Wl,--out-implib,libcmTC_f614d.dll.a -Wl,--major-image-version,0,--minor-image-version,0 @CMakeFiles/cmTC_f614d.dir/linklibs.rsp
gmake.exe[1]: Leaving directory 'C:/Users/YasperMoglot/Desktop/Ycheba/4course/4-course-os/build/CMakeFiles/CMakeTmp'



Determining if the CXX compiler works passed with the following output:
Change Dir: C:/Users/YasperMoglot/Desktop/Ycheba/4course/4-course-os/build/CMakeFiles/CMakeTmp

Run Build Command(s):C:/Strawberry/c/bin/gmake.exe -f Makefile cmTC_8ae99/fast && C:/Strawberry/c/bin/gmake.exe  -f CMakeFiles/cmTC_8ae99.dir/build.make CMakeFiles/cmTC_8ae99.dir/build
gmake.exe[1]: Entering directory 'C:/Users/YasperMoglot/Desktop/Ycheba/4course/4-course-os/build/CMakeFiles/CMakeTmp'
Building CXX object CMakeFiles/cmTC_8ae99.dir/testCXXCompiler.cxx.obj
C:/Strawberry/c/bin/g++.exe    -o CMakeFiles/cmTC_8ae99.dir/testCXXCompiler.cxx.obj -c C:/Users/YasperMoglot/Desktop/Ycheba/4course/4-course-os/build/CMakeFiles/CMakeTmp/testCXXCompiler.cxx
Linking CXX executable cmTC_8ae99.exe
"C:/Program Files (x86)/Microsoft Visual Studio/2019/Community/Common7/IDE/CommonExtensions/Microsoft/CMake/CMake/bin/cmake.exe" -E rm -f CMakeFiles/cmTC_8ae99.dir/objects.a
C:/Strawberry/c/bin/ar.exe cr CMakeFiles/cmTC_8ae99.dir/objects.a @CMakeFiles/cmTC_8ae99.dir/objects1.rsp
C:/Strawberry/c/bin/g++.exe -Wl,--whole-archive CMakeFiles/cmTC_8ae99.dir/objects.a -Wl,--no-whole-archive -o cmTC_8ae99.exe -Wl,--out-implib,libcmTC_8ae99.dll.a -Wl,--major-image-version,0,--minor-image-version,0 @CMakeFiles/cmTC_8ae99.dir/linklibs.rsp
gmake.exe[1]: Leaving directory 'C:/Users/YasperMoglot/Desktop/Ycheba/4course/4-course-os/build/CMakeFiles/CMakeTmp'



